yarn add v1.22.21
warning ../../../package.json: No license field
warning package-lock.json found. Your project contains lock files generated by tools other than Yarn. It is advised not to mix package managers in order to avoid resolution inconsistencies caused by unsynchronized lock files. To clear this warning, remove package-lock.json.
[1/4] Resolving packages...
warning @storybook/react-webpack5 > @storybook/builder-webpack5 > fork-ts-checker-webpack-plugin > memfs@3.6.0: this will be v4
warning @storybook/react-webpack5 > @storybook/builder-webpack5 > webpack-dev-middleware > memfs@3.6.0: this will be v4
[2/4] Fetching packages...
[3/4] Linking dependencies...
warning " > @testing-library/user-event@13.5.0" has unmet peer dependency "@testing-library/dom@>=7.21.4".
warning "react-scripts > eslint-config-react-app > eslint-plugin-flowtype@8.0.3" has unmet peer dependency "@babel/plugin-syntax-flow@^7.14.5".
warning "react-scripts > eslint-config-react-app > eslint-plugin-flowtype@8.0.3" has unmet peer dependency "@babel/plugin-transform-react-jsx@^7.14.9".
warning "react-scripts > react-dev-utils > fork-ts-checker-webpack-plugin@6.5.3" has unmet peer dependency "typescript@>= 2.7".
warning "react-scripts > eslint-config-react-app > @typescript-eslint/eslint-plugin > tsutils@3.21.0" has unmet peer dependency "typescript@>=2.8.0 || >= 3.2.0-dev || >= 3.3.0-dev || >= 3.4.0-dev || >= 3.5.0-dev || >= 3.6.0-dev || >= 3.6.0-beta || >= 3.7.0-dev || >= 3.7.0-beta".
warning "@storybook/react-webpack5 > @storybook/preset-react-webpack > @babel/preset-flow@7.23.3" has unmet peer dependency "@babel/core@^7.0.0-0".
warning "@storybook/react-webpack5 > @storybook/builder-webpack5 > fork-ts-checker-webpack-plugin@8.0.0" has unmet peer dependency "typescript@>3.6.0".
warning "@storybook/preset-create-react-app > @storybook/react-docgen-typescript-plugin@1.0.6--canary.9.0c3f3b7.0" has unmet peer dependency "typescript@>= 4.x".
warning "@storybook/react-webpack5 > @storybook/preset-react-webpack > @storybook/react-docgen-typescript-plugin > react-docgen-typescript@2.2.2" has unmet peer dependency "typescript@>= 4.3.x".
warning " > @storybook/preset-create-react-app@7.6.7" has unmet peer dependency "@babel/core@*".
[4/4] Building fresh packages...
success Saved lockfile.
success Saved 245 new dependencies.
info Direct dependencies
├─ @storybook/addon-essentials@7.6.7
├─ @storybook/addon-interactions@7.6.7
├─ @storybook/addon-links@7.6.7
├─ @storybook/addon-onboarding@1.0.10
├─ @storybook/blocks@7.6.7
├─ @storybook/preset-create-react-app@7.6.7
├─ @storybook/react-webpack5@7.6.7
├─ @storybook/test@7.6.7
└─ storybook@7.6.7
info All dependencies
├─ @aw-web-design/x-default-browser@1.4.126
├─ @babel/register@7.23.7
├─ @base2/pretty-print-object@1.0.1
├─ @colors/colors@1.5.0
├─ @discoveryjs/json-ext@0.5.7
├─ @emotion/use-insertion-effect-with-fallbacks@1.0.1
├─ @esbuild/darwin-x64@0.18.20
├─ @fal-works/esbuild-plugin-global-externals@2.1.2
├─ @floating-ui/core@1.5.3
├─ @floating-ui/dom@1.5.4
├─ @floating-ui/react-dom@2.0.5
├─ @juggle/resize-observer@3.4.0
├─ @mdx-js/react@2.3.0
├─ @ndelangen/get-tarball@3.0.9
├─ @radix-ui/number@1.0.1
├─ @radix-ui/react-arrow@1.0.3
├─ @radix-ui/react-dismissable-layer@1.0.4
├─ @radix-ui/react-focus-guards@1.0.1
├─ @radix-ui/react-focus-scope@1.0.3
├─ @radix-ui/react-popper@1.1.2
├─ @radix-ui/react-portal@1.0.3
├─ @radix-ui/react-select@1.2.2
├─ @radix-ui/react-separator@1.0.3
├─ @radix-ui/react-toggle-group@1.0.4
├─ @radix-ui/react-toggle@1.0.3
├─ @radix-ui/react-toolbar@1.0.4
├─ @radix-ui/react-use-escape-keydown@1.0.3
├─ @radix-ui/react-use-previous@1.0.1
├─ @radix-ui/react-use-rect@1.0.1
├─ @radix-ui/react-use-size@1.0.1
├─ @radix-ui/react-visually-hidden@1.0.3
├─ @storybook/addon-actions@7.6.7
├─ @storybook/addon-backgrounds@7.6.7
├─ @storybook/addon-controls@7.6.7
├─ @storybook/addon-docs@7.6.7
├─ @storybook/addon-essentials@7.6.7
├─ @storybook/addon-highlight@7.6.7
├─ @storybook/addon-interactions@7.6.7
├─ @storybook/addon-links@7.6.7
├─ @storybook/addon-measure@7.6.7
├─ @storybook/addon-onboarding@1.0.10
├─ @storybook/addon-outline@7.6.7
├─ @storybook/addon-toolbars@7.6.7
├─ @storybook/addon-viewport@7.6.7
├─ @storybook/blocks@7.6.7
├─ @storybook/builder-manager@7.6.7
├─ @storybook/builder-webpack5@7.6.7
├─ @storybook/cli@7.6.7
├─ @storybook/codemod@7.6.7
├─ @storybook/core-client@7.6.7
├─ @storybook/core-server@7.6.7
├─ @storybook/csf-plugin@7.6.7
├─ @storybook/docs-mdx@0.1.0
├─ @storybook/instrumenter@7.6.7
├─ @storybook/mdx2-csf@1.1.0
├─ @storybook/postinstall@7.6.7
├─ @storybook/preset-create-react-app@7.6.7
├─ @storybook/preset-react-webpack@7.6.7
├─ @storybook/preview@7.6.7
├─ @storybook/react-webpack5@7.6.7
├─ @storybook/router@7.6.7
├─ @storybook/telemetry@7.6.7
├─ @storybook/test@7.6.7
├─ @swc/core-darwin-x64@1.3.102
├─ @swc/core@1.3.102
├─ @swc/counter@0.1.2
├─ @swc/types@0.1.5
├─ @testing-library/dom@9.3.4
├─ @types/chai@4.3.11
├─ @types/cross-spawn@6.0.6
├─ @types/detect-port@1.3.5
├─ @types/doctrine@0.0.3
├─ @types/ejs@3.1.5
├─ @types/emscripten@1.39.10
├─ @types/escodegen@0.0.6
├─ @types/lodash@4.14.202
├─ @types/mdx@2.0.10
├─ @types/mime-types@2.1.4
├─ @types/node-fetch@2.6.10
├─ @types/normalize-package-data@2.4.4
├─ @types/resolve@1.20.6
├─ @types/uuid@9.0.7
├─ @vitest/expect@0.34.7
├─ @vitest/spy@0.34.7
├─ @vitest/utils@0.34.7
├─ @yarnpkg/esbuild-plugin-pnp@3.0.0-rc.15
├─ @yarnpkg/fslib@2.10.3
├─ @yarnpkg/libzip@2.3.0
├─ aggregate-error@3.1.0
├─ app-root-dir@1.0.2
├─ aria-hidden@1.2.3
├─ assert@2.1.0
├─ assertion-error@1.1.0
├─ ast-types@0.16.1
├─ async-limiter@1.0.1
├─ babel-core@7.0.0-bridge.0
├─ babel-plugin-add-react-displayname@0.0.5
├─ base64-js@1.5.1
├─ better-opn@3.0.2
├─ big-integer@1.6.52
├─ bl@4.1.0
├─ bplist-parser@0.2.0
├─ browserify-zlib@0.1.4
├─ buffer-crc32@0.2.13
├─ buffer@5.7.1
├─ chai@4.4.0
├─ check-error@1.0.3
├─ chownr@1.1.4
├─ clean-stack@2.2.0
├─ cli-cursor@3.1.0
├─ cli-spinners@2.9.2
├─ cli-table3@0.6.3
├─ clone-deep@4.0.1
├─ clone@1.0.4
├─ commander@6.2.1
├─ concat-stream@1.6.2
├─ constants-browserify@1.0.0
├─ deep-eql@4.1.3
├─ default-browser-id@3.0.0
├─ defaults@1.0.4
├─ defu@6.1.4
├─ del@6.1.1
├─ detect-indent@6.1.0
├─ detect-node-es@1.1.0
├─ detect-package-manager@2.0.1
├─ detect-port@1.5.1
├─ duplexify@3.7.1
├─ end-of-stream@1.4.4
├─ endent@2.1.0
├─ envinfo@7.11.0
├─ esbuild-plugin-alias@0.2.1
├─ esbuild-register@3.5.0
├─ extend@3.0.2
├─ extract-zip@1.7.0
├─ fast-json-parse@1.0.3
├─ fd-slicer@1.1.0
├─ fetch-retry@5.0.6
├─ flow-parser@0.226.0
├─ form-data@4.0.0
├─ fs-constants@1.0.0
├─ fs-minipass@2.1.0
├─ get-func-name@2.0.2
├─ get-nonce@1.0.1
├─ get-npm-tarball-url@2.1.0
├─ get-port@5.1.1
├─ giget@1.2.1
├─ github-slugger@1.5.0
├─ gunzip-maybe@1.4.2
├─ handlebars@4.7.8
├─ hosted-git-info@2.8.9
├─ html-tags@3.3.1
├─ https-proxy-agent@4.0.0
├─ ieee754@1.2.1
├─ invariant@2.2.4
├─ ip@2.0.0
├─ is-absolute-url@3.0.3
├─ is-deflate@1.0.0
├─ is-gzip@1.0.0
├─ is-interactive@1.0.0
├─ is-nan@1.3.2
├─ is-path-cwd@2.2.0
├─ is-plain-object@5.0.0
├─ isobject@3.0.1
├─ lazy-universal-dotenv@4.0.0
├─ log-symbols@4.1.0
├─ make-dir@2.1.0
├─ map-or-similar@1.5.0
├─ markdown-to-jsx@7.4.0
├─ mdast-util-definitions@4.0.0
├─ mdast-util-to-string@1.1.0
├─ mime@2.6.0
├─ minizlib@2.1.2
├─ mkdirp-classic@0.5.3
├─ node-abort-controller@3.1.1
├─ node-dir@0.1.17
├─ node-fetch-native@1.6.1
├─ node-fetch@2.7.0
├─ normalize-package-data@2.5.0
├─ nypm@0.3.4
├─ objectorarray@1.0.5
├─ ohash@1.1.3
├─ ora@5.4.1
├─ p-map@4.0.0
├─ pako@0.2.9
├─ path-browserify@1.0.1
├─ pathval@1.1.1
├─ peek-stream@1.1.3
├─ pend@1.2.0
├─ pify@4.0.1
├─ pnp-webpack-plugin@1.7.0
├─ progress@2.0.3
├─ proxy-from-env@1.1.0
├─ pumpify@1.5.1
├─ puppeteer-core@2.1.1
├─ ramda@0.29.0
├─ react-colorful@5.6.1
├─ react-confetti@6.1.0
├─ react-docgen-typescript@2.2.2
├─ react-docgen@7.0.3
├─ react-element-to-jsx-string@15.0.0
├─ react-remove-scroll-bar@2.3.4
├─ react-remove-scroll@2.5.5
├─ read-pkg@5.2.0
├─ recast@0.23.4
├─ remark-external-links@8.0.0
├─ remark-slug@6.1.0
├─ restore-cursor@3.1.0
├─ shallow-clone@3.0.1
├─ simple-update-notifier@2.0.0
├─ space-separated-tokens@1.1.5
├─ spdx-correct@3.2.0
├─ spdx-exceptions@2.3.0
├─ store2@2.14.2
├─ storybook@7.6.7
├─ stream-shift@1.0.2
├─ swc-loader@0.2.3
├─ synchronous-promise@2.0.17
├─ tar-fs@2.1.1
├─ tar-stream@2.2.0
├─ tar@6.2.0
├─ temp@0.8.4
├─ tempy@1.0.1
├─ tinyspy@2.2.0
├─ tocbot@4.25.0
├─ ts-dedent@2.2.0
├─ ts-pnp@1.2.0
├─ tween-functions@1.2.0
├─ typedarray@0.0.6
├─ ufo@1.3.2
├─ uglify-js@3.17.4
├─ unist-util-visit-parents@3.1.1
├─ unplugin@1.6.0
├─ untildify@4.0.0
├─ url@0.11.3
├─ use-callback-ref@1.3.1
├─ use-resize-observer@9.1.0
├─ use-sidecar@1.1.2
├─ uuid@9.0.1
├─ validate-npm-package-license@3.0.4
├─ wcwidth@1.0.1
├─ webpack-hot-middleware@2.26.0
├─ webpack-virtual-modules@0.5.0
├─ wordwrap@1.0.0
├─ xtend@4.0.2
└─ yauzl@2.10.0
